c:\users\andre\downloads\td6_2211017_2211827\chessgame - copie\chessgame\x64\debug\uic\ui_chessgame.h
c:\users\andre\downloads\td6_2211017_2211827\chessgame - copie\chessgame\x64\debug\rcc\qrc_chessgame.cpp
c:\users\andre\downloads\td6_2211017_2211827\chessgame - copie\chessgame\x64\debug\moc\moc_chessgame.cpp
c:\users\andre\downloads\td6_2211017_2211827\chessgame - copie\chessgame\x64\debug\moc\moc_button.cpp
c:\users\andre\desktop\school\hiver 2023\inf1015\tp6\td6_2211017_2211827\chessgame - copie\chessgame\x64\debug\uic\ui_chessgame.h
c:\users\andre\desktop\school\hiver 2023\inf1015\tp6\td6_2211017_2211827\chessgame - copie\chessgame\x64\debug\rcc\qrc_chessgame.cpp
c:\users\andre\desktop\school\hiver 2023\inf1015\tp6\td6_2211017_2211827\chessgame - copie\chessgame\x64\debug\moc\moc_chessgame.cpp
c:\users\andre\desktop\school\hiver 2023\inf1015\tp6\td6_2211017_2211827\chessgame - copie\chessgame\x64\debug\moc\moc_button.cpp
c:\users\maria\onedrive\bureau\what-an-amazing-project\chessgame - copie\chessgame\x64\debug\uic\ui_chessgame.h
c:\users\maria\onedrive\bureau\what-an-amazing-project\chessgame - copie\chessgame\x64\debug\rcc\qrc_chessgame.cpp
c:\users\maria\onedrive\bureau\what-an-amazing-project\chessgame - copie\chessgame\x64\debug\moc\moc_chessgame.cpp
c:\users\maria\onedrive\bureau\what-an-amazing-project\chessgame - copie\chessgame\x64\debug\moc\moc_button.cpp
c:\users\maria\onedrive\bureau\what-an-amazing-project\chessgame - copie\chessgame\x64\debug\piece.obj
c:\users\maria\onedrive\bureau\what-an-amazing-project\chessgame - copie\chessgame\x64\debug\main.obj
c:\users\maria\onedrive\bureau\what-an-amazing-project\chessgame - copie\chessgame\x64\debug\button.obj
c:\users\maria\onedrive\bureau\what-an-amazing-project\chessgame - copie\chessgame\x64\debug\raii.obj
c:\users\maria\onedrive\bureau\what-an-amazing-project\chessgame - copie\chessgame\x64\debug\chessgame.obj
c:\users\maria\onedrive\bureau\what-an-amazing-project\chessgame - copie\chessgame\x64\debug\chessboard.obj
c:\users\maria\onedrive\bureau\what-an-amazing-project\chessgame - copie\chessgame\x64\debug\vc143.pdb
c:\users\maria\onedrive\bureau\what-an-amazing-project\chessgame - copie\chessgame\x64\debug\moc_chessgame.obj
c:\users\maria\onedrive\bureau\what-an-amazing-project\chessgame - copie\chessgame\x64\debug\qrc_chessgame.obj
c:\users\maria\onedrive\bureau\what-an-amazing-project\chessgame - copie\chessgame\x64\debug\moc_button.obj
c:\users\maria\onedrive\bureau\what-an-amazing-project\chessgame - copie\x64\debug\chessgame.exe
c:\users\maria\onedrive\bureau\what-an-amazing-project\chessgame - copie\x64\debug\chessgame.ilk
c:\users\maria\onedrive\bureau\what-an-amazing-project\chessgame - copie\x64\debug\chessgame.pdb
c:\users\maria\onedrive\bureau\what-an-amazing-project\chessgame - copie\chessgame\x64\debug\chessgame.tlog\chessgame.write.1u.tlog
c:\users\maria\onedrive\bureau\what-an-amazing-project\chessgame - copie\chessgame\x64\debug\chessgame.tlog\cl.command.1.tlog
c:\users\maria\onedrive\bureau\what-an-amazing-project\chessgame - copie\chessgame\x64\debug\chessgame.tlog\cl.read.1.tlog
c:\users\maria\onedrive\bureau\what-an-amazing-project\chessgame - copie\chessgame\x64\debug\chessgame.tlog\cl.write.1.tlog
c:\users\maria\onedrive\bureau\what-an-amazing-project\chessgame - copie\chessgame\x64\debug\chessgame.tlog\link.command.1.tlog
c:\users\maria\onedrive\bureau\what-an-amazing-project\chessgame - copie\chessgame\x64\debug\chessgame.tlog\link.read.1.tlog
c:\users\maria\onedrive\bureau\what-an-amazing-project\chessgame - copie\chessgame\x64\debug\chessgame.tlog\link.write.1.tlog
c:\users\maria\onedrive\bureau\what-an-amazing-project\chessgame - copie\chessgame\x64\debug\chessgame.tlog\moc.read.1u.tlog
c:\users\maria\onedrive\bureau\what-an-amazing-project\chessgame - copie\chessgame\x64\debug\chessgame.tlog\moc.write.1u.tlog
c:\users\maria\onedrive\bureau\what-an-amazing-project\chessgame - copie\chessgame\x64\debug\chessgame.tlog\rcc.read.1u.tlog
c:\users\maria\onedrive\bureau\what-an-amazing-project\chessgame - copie\chessgame\x64\debug\chessgame.tlog\rcc.write.1u.tlog
c:\users\maria\onedrive\bureau\what-an-amazing-project\chessgame - copie\chessgame\x64\debug\chessgame.tlog\uic.read.1u.tlog
c:\users\maria\onedrive\bureau\what-an-amazing-project\chessgame - copie\chessgame\x64\debug\chessgame.tlog\uic.write.1u.tlog
