  Reading Qt configuration (C:/Qt/6.5.0/msvc2019_64/bin/qmake)
  Button.cpp
  ChessBoard.cpp
  Piece.cpp
  RAII.cpp
  CHESSGAME.cpp
  main.cpp
C:\Users\maria\OneDrive\Bureau\what-an-AMAZING-project\CHESSGAME - Copie\CHESSGAME\Button.cpp(1,1): warning C4828: The file contains a character starting at offset 0x7b that is illegal in the current source character set (codepage 65001).
C:\Users\maria\OneDrive\Bureau\what-an-AMAZING-project\CHESSGAME - Copie\CHESSGAME\RAII.cpp(1,1): warning C4828: The file contains a character starting at offset 0x79 that is illegal in the current source character set (codepage 65001).
C:\Users\maria\OneDrive\Bureau\what-an-AMAZING-project\CHESSGAME - Copie\CHESSGAME\Piece.cpp(1,1): warning C4828: The file contains a character starting at offset 0x7a that is illegal in the current source character set (codepage 65001).
C:\Users\maria\OneDrive\Bureau\what-an-AMAZING-project\CHESSGAME - Copie\CHESSGAME\main.cpp(1,1): warning C4828: The file contains a character starting at offset 0x79 that is illegal in the current source character set (codepage 65001).
C:\Users\maria\OneDrive\Bureau\what-an-AMAZING-project\CHESSGAME - Copie\CHESSGAME\Button.h(1,1): warning C4828: The file contains a character starting at offset 0x79 that is illegal in the current source character set (codepage 65001). (compiling source file Button.cpp)
C:\Users\maria\OneDrive\Bureau\what-an-AMAZING-project\CHESSGAME - Copie\CHESSGAME\RAII.h(1,1): warning C4828: The file contains a character starting at offset 0x77 that is illegal in the current source character set (codepage 65001). (compiling source file RAII.cpp)
C:\Users\maria\OneDrive\Bureau\what-an-AMAZING-project\CHESSGAME - Copie\CHESSGAME\Piece.h(1,1): warning C4828: The file contains a character starting at offset 0x78 that is illegal in the current source character set (codepage 65001). (compiling source file Piece.cpp)
C:\Users\maria\OneDrive\Bureau\what-an-AMAZING-project\CHESSGAME - Copie\CHESSGAME\CHESSGAME.h(1,1): warning C4828: The file contains a character starting at offset 0x7c that is illegal in the current source character set (codepage 65001). (compiling source file main.cpp)
C:\Users\maria\OneDrive\Bureau\what-an-AMAZING-project\CHESSGAME - Copie\CHESSGAME\CHESSGAME.cpp(1,1): warning C4828: The file contains a character starting at offset 0x7e that is illegal in the current source character set (codepage 65001).
C:\Users\maria\OneDrive\Bureau\what-an-AMAZING-project\CHESSGAME - Copie\CHESSGAME\ChessBoard.cpp(1,1): warning C4828: The file contains a character starting at offset 0x7f that is illegal in the current source character set (codepage 65001).
C:\Users\maria\OneDrive\Bureau\what-an-AMAZING-project\CHESSGAME - Copie\CHESSGAME\CHESSGAME.h(1,1): warning C4828: The file contains a character starting at offset 0x7c that is illegal in the current source character set (codepage 65001). (compiling source file CHESSGAME.cpp)
C:\Users\maria\OneDrive\Bureau\what-an-AMAZING-project\CHESSGAME - Copie\CHESSGAME\ChessBoard.h(1,1): warning C4828: The file contains a character starting at offset 0x7d that is illegal in the current source character set (codepage 65001). (compiling source file ChessBoard.cpp)
C:\Users\maria\OneDrive\Bureau\what-an-AMAZING-project\CHESSGAME - Copie\CHESSGAME\Piece.h(1,1): warning C4828: The file contains a character starting at offset 0x78 that is illegal in the current source character set (codepage 65001). (compiling source file RAII.cpp)
C:\Users\maria\OneDrive\Bureau\what-an-AMAZING-project\CHESSGAME - Copie\CHESSGAME\Piece.h(1,1): warning C4828: The file contains a character starting at offset 0x78 that is illegal in the current source character set (codepage 65001). (compiling source file ChessBoard.cpp)
C:\Users\maria\OneDrive\Bureau\what-an-AMAZING-project\CHESSGAME - Copie\CHESSGAME\Piece.h(1,1): warning C4828: The file contains a character starting at offset 0x78 that is illegal in the current source character set (codepage 65001). (compiling source file Button.cpp)
C:\Users\maria\OneDrive\Bureau\what-an-AMAZING-project\CHESSGAME - Copie\CHESSGAME\Button.h(1,1): warning C4828: The file contains a character starting at offset 0x79 that is illegal in the current source character set (codepage 65001). (compiling source file ChessBoard.cpp)
C:\Users\maria\OneDrive\Bureau\what-an-AMAZING-project\CHESSGAME - Copie\CHESSGAME\ChessBoard.h(1,1): warning C4828: The file contains a character starting at offset 0x7d that is illegal in the current source character set (codepage 65001). (compiling source file RAII.cpp)
C:\Users\maria\OneDrive\Bureau\what-an-AMAZING-project\CHESSGAME - Copie\CHESSGAME\Button.h(1,1): warning C4828: The file contains a character starting at offset 0x79 that is illegal in the current source character set (codepage 65001). (compiling source file RAII.cpp)
C:\Users\maria\OneDrive\Bureau\what-an-AMAZING-project\CHESSGAME - Copie\CHESSGAME\Piece.h(1,1): warning C4828: The file contains a character starting at offset 0x78 that is illegal in the current source character set (codepage 65001). (compiling source file main.cpp)
C:\Users\maria\OneDrive\Bureau\what-an-AMAZING-project\CHESSGAME - Copie\CHESSGAME\ChessBoard.h(1,1): warning C4828: The file contains a character starting at offset 0x7d that is illegal in the current source character set (codepage 65001). (compiling source file main.cpp)
C:\Users\maria\OneDrive\Bureau\what-an-AMAZING-project\CHESSGAME - Copie\CHESSGAME\Button.h(1,1): warning C4828: The file contains a character starting at offset 0x79 that is illegal in the current source character set (codepage 65001). (compiling source file main.cpp)
C:\Users\maria\OneDrive\Bureau\what-an-AMAZING-project\CHESSGAME - Copie\CHESSGAME\RAII.h(1,1): warning C4828: The file contains a character starting at offset 0x77 that is illegal in the current source character set (codepage 65001). (compiling source file main.cpp)
C:\Users\maria\OneDrive\Bureau\what-an-AMAZING-project\CHESSGAME - Copie\CHESSGAME\Piece.h(1,1): warning C4828: The file contains a character starting at offset 0x78 that is illegal in the current source character set (codepage 65001). (compiling source file CHESSGAME.cpp)
  qrc_CHESSGAME.cpp
  moc_CHESSGAME.cpp
  moc_Button.cpp
C:\Users\maria\OneDrive\Bureau\what-an-AMAZING-project\CHESSGAME - Copie\CHESSGAME\Button.h(1,1): warning C4828: The file contains a character starting at offset 0x79 that is illegal in the current source character set (codepage 65001). (compiling source file x64\Debug\moc\moc_Button.cpp)
C:\Users\maria\OneDrive\Bureau\what-an-AMAZING-project\CHESSGAME - Copie\CHESSGAME\CHESSGAME.h(1,1): warning C4828: The file contains a character starting at offset 0x7c that is illegal in the current source character set (codepage 65001). (compiling source file x64\Debug\moc\moc_CHESSGAME.cpp)
C:\Users\maria\OneDrive\Bureau\what-an-AMAZING-project\CHESSGAME - Copie\CHESSGAME\Piece.h(1,1): warning C4828: The file contains a character starting at offset 0x78 that is illegal in the current source character set (codepage 65001). (compiling source file x64\Debug\moc\moc_Button.cpp)
C:\Users\maria\OneDrive\Bureau\what-an-AMAZING-project\CHESSGAME - Copie\CHESSGAME\Piece.h(1,1): warning C4828: The file contains a character starting at offset 0x78 that is illegal in the current source character set (codepage 65001). (compiling source file x64\Debug\moc\moc_CHESSGAME.cpp)
  CHESSGAME.vcxproj -> C:\Users\maria\OneDrive\Bureau\what-an-AMAZING-project\CHESSGAME - Copie\x64\Debug\CHESSGAME.exe
